Determining if the pthread_create exist failed with the following output:
Change Dir: /home/alumno/Escritorio/01-recursividad-NNelo/05_Digitos/CMakeFiles/CMakeTmp

Run Build Command:/usr/bin/make "cmTryCompileExec3484391035/fast"
/usr/bin/make -f CMakeFiles/cmTryCompileExec3484391035.dir/build.make CMakeFiles/cmTryCompileExec3484391035.dir/build
make[1]: se ingresa al directorio `/home/alumno/Escritorio/01-recursividad-NNelo/05_Digitos/CMakeFiles/CMakeTmp'
/usr/bin/cmake -E cmake_progress_report /home/alumno/Escritorio/01-recursividad-NNelo/05_Digitos/CMakeFiles/CMakeTmp/CMakeFiles 1
Building C object CMakeFiles/cmTryCompileExec3484391035.dir/CheckSymbolExists.c.o
/usr/bin/gcc    -o CMakeFiles/cmTryCompileExec3484391035.dir/CheckSymbolExists.c.o   -c /home/alumno/Escritorio/01-recursividad-NNelo/05_Digitos/CMakeFiles/CMakeTmp/CheckSymbolExists.c
Linking C executable cmTryCompileExec3484391035
/usr/bin/cmake -E cmake_link_script CMakeFiles/cmTryCompileExec3484391035.dir/link.txt --verbose=1
/usr/bin/gcc         CMakeFiles/cmTryCompileExec3484391035.dir/CheckSymbolExists.c.o  -o cmTryCompileExec3484391035 -rdynamic 
CMakeFiles/cmTryCompileExec3484391035.dir/CheckSymbolExists.c.o: In function `main':
CheckSymbolExists.c:(.text+0x16): undefined reference to `pthread_create'
collect2: error: ld returned 1 exit status
make[1]: se sale del directorio `/home/alumno/Escritorio/01-recursividad-NNelo/05_Digitos/CMakeFiles/CMakeTmp'
make[1]: *** [cmTryCompileExec3484391035] Error 1
make: *** [cmTryCompileExec3484391035/fast] Error 2

File /home/alumno/Escritorio/01-recursividad-NNelo/05_Digitos/CMakeFiles/CMakeTmp/CheckSymbolExists.c:
/* */
#include <pthread.h>

int main(int argc, char** argv)
{
  (void)argv;
#ifndef pthread_create
  return ((int*)(&pthread_create))[argc];
#else
  (void)argc;
  return 0;
#endif
}

Determining if the function pthread_create exists in the pthreads failed with the following output:
Change Dir: /home/alumno/Escritorio/01-recursividad-NNelo/05_Digitos/CMakeFiles/CMakeTmp

Run Build Command:/usr/bin/make "cmTryCompileExec3394975070/fast"
/usr/bin/make -f CMakeFiles/cmTryCompileExec3394975070.dir/build.make CMakeFiles/cmTryCompileExec3394975070.dir/build
make[1]: se ingresa al directorio `/home/alumno/Escritorio/01-recursividad-NNelo/05_Digitos/CMakeFiles/CMakeTmp'
/usr/bin/cmake -E cmake_progress_report /home/alumno/Escritorio/01-recursividad-NNelo/05_Digitos/CMakeFiles/CMakeTmp/CMakeFiles 1
Building C object CMakeFiles/cmTryCompileExec3394975070.dir/CheckFunctionExists.c.o
/usr/bin/gcc   -DCHECK_FUNCTION_EXISTS=pthread_create   -o CMakeFiles/cmTryCompileExec3394975070.dir/CheckFunctionExists.c.o   -c /usr/share/cmake-2.8/Modules/CheckFunctionExists.c
Linking C executable cmTryCompileExec3394975070
/usr/bin/cmake -E cmake_link_script CMakeFiles/cmTryCompileExec3394975070.dir/link.txt --verbose=1
/usr/bin/gcc     -DCHECK_FUNCTION_EXISTS=pthread_create    CMakeFiles/cmTryCompileExec3394975070.dir/CheckFunctionExists.c.o  -o cmTryCompileExec3394975070 -rdynamic -lpthreads 
/usr/bin/ld: cannot find -lpthreads
collect2: error: ld returned 1 exit status
make[1]: se sale del directorio `/home/alumno/Escritorio/01-recursividad-NNelo/05_Digitos/CMakeFiles/CMakeTmp'
make[1]: *** [cmTryCompileExec3394975070] Error 1
make: *** [cmTryCompileExec3394975070/fast] Error 2


