Determining if the pthread_create exist failed with the following output:
Change Dir: /home/alumno/Escritorio/01-recursividad-NNelo/03_Ackerman/CMakeFiles/CMakeTmp

Run Build Command:/usr/bin/make "cmTryCompileExec29384967/fast"
/usr/bin/make -f CMakeFiles/cmTryCompileExec29384967.dir/build.make CMakeFiles/cmTryCompileExec29384967.dir/build
make[1]: se ingresa al directorio `/home/alumno/Escritorio/01-recursividad-NNelo/03_Ackerman/CMakeFiles/CMakeTmp'
/usr/bin/cmake -E cmake_progress_report /home/alumno/Escritorio/01-recursividad-NNelo/03_Ackerman/CMakeFiles/CMakeTmp/CMakeFiles 1
Building C object CMakeFiles/cmTryCompileExec29384967.dir/CheckSymbolExists.c.o
/usr/bin/gcc    -o CMakeFiles/cmTryCompileExec29384967.dir/CheckSymbolExists.c.o   -c /home/alumno/Escritorio/01-recursividad-NNelo/03_Ackerman/CMakeFiles/CMakeTmp/CheckSymbolExists.c
Linking C executable cmTryCompileExec29384967
/usr/bin/cmake -E cmake_link_script CMakeFiles/cmTryCompileExec29384967.dir/link.txt --verbose=1
/usr/bin/gcc         CMakeFiles/cmTryCompileExec29384967.dir/CheckSymbolExists.c.o  -o cmTryCompileExec29384967 -rdynamic 
CMakeFiles/cmTryCompileExec29384967.dir/CheckSymbolExists.c.o: In function `main':
CheckSymbolExists.c:(.text+0x16): undefined reference to `pthread_create'
collect2: error: ld returned 1 exit status
make[1]: se sale del directorio `/home/alumno/Escritorio/01-recursividad-NNelo/03_Ackerman/CMakeFiles/CMakeTmp'
make[1]: *** [cmTryCompileExec29384967] Error 1
make: *** [cmTryCompileExec29384967/fast] Error 2

File /home/alumno/Escritorio/01-recursividad-NNelo/03_Ackerman/CMakeFiles/CMakeTmp/CheckSymbolExists.c:
/* */
#include <pthread.h>

int main(int argc, char** argv)
{
  (void)argv;
#ifndef pthread_create
  return ((int*)(&pthread_create))[argc];
#else
  (void)argc;
  return 0;
#endif
}

Determining if the function pthread_create exists in the pthreads failed with the following output:
Change Dir: /home/alumno/Escritorio/01-recursividad-NNelo/03_Ackerman/CMakeFiles/CMakeTmp

Run Build Command:/usr/bin/make "cmTryCompileExec312914076/fast"
/usr/bin/make -f CMakeFiles/cmTryCompileExec312914076.dir/build.make CMakeFiles/cmTryCompileExec312914076.dir/build
make[1]: se ingresa al directorio `/home/alumno/Escritorio/01-recursividad-NNelo/03_Ackerman/CMakeFiles/CMakeTmp'
/usr/bin/cmake -E cmake_progress_report /home/alumno/Escritorio/01-recursividad-NNelo/03_Ackerman/CMakeFiles/CMakeTmp/CMakeFiles 1
Building C object CMakeFiles/cmTryCompileExec312914076.dir/CheckFunctionExists.c.o
/usr/bin/gcc   -DCHECK_FUNCTION_EXISTS=pthread_create   -o CMakeFiles/cmTryCompileExec312914076.dir/CheckFunctionExists.c.o   -c /usr/share/cmake-2.8/Modules/CheckFunctionExists.c
Linking C executable cmTryCompileExec312914076
/usr/bin/cmake -E cmake_link_script CMakeFiles/cmTryCompileExec312914076.dir/link.txt --verbose=1
/usr/bin/gcc     -DCHECK_FUNCTION_EXISTS=pthread_create    CMakeFiles/cmTryCompileExec312914076.dir/CheckFunctionExists.c.o  -o cmTryCompileExec312914076 -rdynamic -lpthreads 
/usr/bin/ld: cannot find -lpthreads
collect2: error: ld returned 1 exit status
make[1]: se sale del directorio `/home/alumno/Escritorio/01-recursividad-NNelo/03_Ackerman/CMakeFiles/CMakeTmp'
make[1]: *** [cmTryCompileExec312914076] Error 1
make: *** [cmTryCompileExec312914076/fast] Error 2


