Determining if the pthread_create exist failed with the following output:
Change Dir: /home/alumno/Escritorio/01-recursividad-NNelo/02_Sumatoria/CMakeFiles/CMakeTmp

Run Build Command:/usr/bin/make "cmTryCompileExec1636747337/fast"
/usr/bin/make -f CMakeFiles/cmTryCompileExec1636747337.dir/build.make CMakeFiles/cmTryCompileExec1636747337.dir/build
make[1]: se ingresa al directorio `/home/alumno/Escritorio/01-recursividad-NNelo/02_Sumatoria/CMakeFiles/CMakeTmp'
/usr/bin/cmake -E cmake_progress_report /home/alumno/Escritorio/01-recursividad-NNelo/02_Sumatoria/CMakeFiles/CMakeTmp/CMakeFiles 1
Building C object CMakeFiles/cmTryCompileExec1636747337.dir/CheckSymbolExists.c.o
/usr/bin/gcc    -o CMakeFiles/cmTryCompileExec1636747337.dir/CheckSymbolExists.c.o   -c /home/alumno/Escritorio/01-recursividad-NNelo/02_Sumatoria/CMakeFiles/CMakeTmp/CheckSymbolExists.c
Linking C executable cmTryCompileExec1636747337
/usr/bin/cmake -E cmake_link_script CMakeFiles/cmTryCompileExec1636747337.dir/link.txt --verbose=1
/usr/bin/gcc         CMakeFiles/cmTryCompileExec1636747337.dir/CheckSymbolExists.c.o  -o cmTryCompileExec1636747337 -rdynamic 
CMakeFiles/cmTryCompileExec1636747337.dir/CheckSymbolExists.c.o: In function `main':
CheckSymbolExists.c:(.text+0x16): undefined reference to `pthread_create'
collect2: error: ld returned 1 exit status
make[1]: se sale del directorio `/home/alumno/Escritorio/01-recursividad-NNelo/02_Sumatoria/CMakeFiles/CMakeTmp'
make[1]: *** [cmTryCompileExec1636747337] Error 1
make: *** [cmTryCompileExec1636747337/fast] Error 2

File /home/alumno/Escritorio/01-recursividad-NNelo/02_Sumatoria/CMakeFiles/CMakeTmp/CheckSymbolExists.c:
/* */
#include <pthread.h>

int main(int argc, char** argv)
{
  (void)argv;
#ifndef pthread_create
  return ((int*)(&pthread_create))[argc];
#else
  (void)argc;
  return 0;
#endif
}

Determining if the function pthread_create exists in the pthreads failed with the following output:
Change Dir: /home/alumno/Escritorio/01-recursividad-NNelo/02_Sumatoria/CMakeFiles/CMakeTmp

Run Build Command:/usr/bin/make "cmTryCompileExec4224500149/fast"
/usr/bin/make -f CMakeFiles/cmTryCompileExec4224500149.dir/build.make CMakeFiles/cmTryCompileExec4224500149.dir/build
make[1]: se ingresa al directorio `/home/alumno/Escritorio/01-recursividad-NNelo/02_Sumatoria/CMakeFiles/CMakeTmp'
/usr/bin/cmake -E cmake_progress_report /home/alumno/Escritorio/01-recursividad-NNelo/02_Sumatoria/CMakeFiles/CMakeTmp/CMakeFiles 1
Building C object CMakeFiles/cmTryCompileExec4224500149.dir/CheckFunctionExists.c.o
/usr/bin/gcc   -DCHECK_FUNCTION_EXISTS=pthread_create   -o CMakeFiles/cmTryCompileExec4224500149.dir/CheckFunctionExists.c.o   -c /usr/share/cmake-2.8/Modules/CheckFunctionExists.c
Linking C executable cmTryCompileExec4224500149
/usr/bin/cmake -E cmake_link_script CMakeFiles/cmTryCompileExec4224500149.dir/link.txt --verbose=1
/usr/bin/gcc     -DCHECK_FUNCTION_EXISTS=pthread_create    CMakeFiles/cmTryCompileExec4224500149.dir/CheckFunctionExists.c.o  -o cmTryCompileExec4224500149 -rdynamic -lpthreads 
/usr/bin/ld: cannot find -lpthreads
collect2: error: ld returned 1 exit status
make[1]: se sale del directorio `/home/alumno/Escritorio/01-recursividad-NNelo/02_Sumatoria/CMakeFiles/CMakeTmp'
make[1]: *** [cmTryCompileExec4224500149] Error 1
make: *** [cmTryCompileExec4224500149/fast] Error 2


